0 info it worked if it ends with ok
1 verbose cli [ 'C:\\Program Files\\nodejs\\node.exe',
1 verbose cli   'C:\\Users\\plr3269\\AppData\\Roaming\\npm\\node_modules\\npm\\bin\\npm-cli.js',
1 verbose cli   'install',
1 verbose cli   '-g',
1 verbose cli   'create-react-app' ]
2 info using npm@3.5.0
3 info using node@v4.2.2
4 silly loadCurrentTree Starting
5 silly install loadCurrentTree
6 silly install readGlobalPackageData
7 silly fetchPackageMetaData create-react-app
8 silly fetchNamedPackageData create-react-app
9 silly mapToRegistry name create-react-app
10 silly mapToRegistry using default registry
11 silly mapToRegistry registry https://repo.usaa.com/artifactory/api/npm/usaa-npm-evaluation
12 silly mapToRegistry uri https://repo.usaa.com/artifactory/api/npm/usaa-npm-evaluation/create-react-app
13 verbose request uri https://repo.usaa.com/artifactory/api/npm/usaa-npm-evaluation/create-react-app
14 verbose request always-auth set; sending authorization
15 info attempt registry request try #1 at 4:05:38 PM
16 verbose request id 184383c471fd2cfa
17 http request GET https://repo.usaa.com/artifactory/api/npm/usaa-npm-evaluation/create-react-app
18 info retry will retry, error on last attempt: Error: connect ETIMEDOUT 10.0.247.254:443
19 info attempt registry request try #2 at 4:06:09 PM
20 http request GET https://repo.usaa.com/artifactory/api/npm/usaa-npm-evaluation/create-react-app
21 http 404 https://repo.usaa.com/artifactory/api/npm/usaa-npm-evaluation/create-react-app
22 verbose headers { date: 'Tue, 23 May 2017 21:06:08 GMT',
22 verbose headers   server: 'Artifactory/4.15.0',
22 verbose headers   'x-artifactory-id': '192f88bfa1e5a5a8130ab3b4f5ed0c5bf95dcc2f',
22 verbose headers   'x-artifactory-node-id': 'prodrepo101as1l',
22 verbose headers   'content-type': 'application/json',
22 verbose headers   connection: 'close',
22 verbose headers   'transfer-encoding': 'chunked' }
23 silly get cb [ 404,
23 silly get   { date: 'Tue, 23 May 2017 21:06:08 GMT',
23 silly get     server: 'Artifactory/4.15.0',
23 silly get     'x-artifactory-id': '192f88bfa1e5a5a8130ab3b4f5ed0c5bf95dcc2f',
23 silly get     'x-artifactory-node-id': 'prodrepo101as1l',
23 silly get     'content-type': 'application/json',
23 silly get     connection: 'close',
23 silly get     'transfer-encoding': 'chunked' } ]
24 silly fetchPackageMetaData Error: 404 Not Found: artifactory
24 silly fetchPackageMetaData     at makeError (C:\Users\plr3269\AppData\Roaming\npm\node_modules\npm\node_modules\npm-registry-client\lib\request.js:264:12)
24 silly fetchPackageMetaData     at CachingRegistryClient.<anonymous> (C:\Users\plr3269\AppData\Roaming\npm\node_modules\npm\node_modules\npm-registry-client\lib\request.js:250:14)
24 silly fetchPackageMetaData     at Request._callback (C:\Users\plr3269\AppData\Roaming\npm\node_modules\npm\node_modules\npm-registry-client\lib\request.js:172:14)
24 silly fetchPackageMetaData     at Request.self.callback (C:\Users\plr3269\AppData\Roaming\npm\node_modules\npm\node_modules\request\request.js:198:22)
24 silly fetchPackageMetaData     at emitTwo (events.js:87:13)
24 silly fetchPackageMetaData     at Request.emit (events.js:172:7)
24 silly fetchPackageMetaData     at Request.<anonymous> (C:\Users\plr3269\AppData\Roaming\npm\node_modules\npm\node_modules\request\request.js:1082:10)
24 silly fetchPackageMetaData     at emitOne (events.js:82:20)
24 silly fetchPackageMetaData     at Request.emit (events.js:169:7)
24 silly fetchPackageMetaData     at IncomingMessage.<anonymous> (C:\Users\plr3269\AppData\Roaming\npm\node_modules\npm\node_modules\request\request.js:1009:12)
24 silly fetchPackageMetaData  error for create-react-app { [Error: 404 Not Found: artifactory] pkgid: 'artifactory', statusCode: 404, code: 'E404' }
25 silly rollbackFailedOptional Starting
26 silly rollbackFailedOptional Finishing
27 silly runTopLevelLifecycles Starting
28 silly runTopLevelLifecycles Finishing
29 silly install printInstalled
30 verbose stack Error: 404 Not Found: artifactory
30 verbose stack     at makeError (C:\Users\plr3269\AppData\Roaming\npm\node_modules\npm\node_modules\npm-registry-client\lib\request.js:264:12)
30 verbose stack     at CachingRegistryClient.<anonymous> (C:\Users\plr3269\AppData\Roaming\npm\node_modules\npm\node_modules\npm-registry-client\lib\request.js:250:14)
30 verbose stack     at Request._callback (C:\Users\plr3269\AppData\Roaming\npm\node_modules\npm\node_modules\npm-registry-client\lib\request.js:172:14)
30 verbose stack     at Request.self.callback (C:\Users\plr3269\AppData\Roaming\npm\node_modules\npm\node_modules\request\request.js:198:22)
30 verbose stack     at emitTwo (events.js:87:13)
30 verbose stack     at Request.emit (events.js:172:7)
30 verbose stack     at Request.<anonymous> (C:\Users\plr3269\AppData\Roaming\npm\node_modules\npm\node_modules\request\request.js:1082:10)
30 verbose stack     at emitOne (events.js:82:20)
30 verbose stack     at Request.emit (events.js:169:7)
30 verbose stack     at IncomingMessage.<anonymous> (C:\Users\plr3269\AppData\Roaming\npm\node_modules\npm\node_modules\request\request.js:1009:12)
31 verbose statusCode 404
32 verbose pkgid artifactory
33 verbose cwd C:\dev\workspace\training\TeamTreehouse\Setting-Up-Webpack-for-React\create-react-app
34 error Windows_NT 6.1.7601
35 error argv "C:\\Program Files\\nodejs\\node.exe" "C:\\Users\\plr3269\\AppData\\Roaming\\npm\\node_modules\\npm\\bin\\npm-cli.js" "install" "-g" "create-react-app"
36 error node v4.2.2
37 error npm  v3.5.0
38 error code E404
39 error 404 Not Found: artifactory
40 error 404
41 error 404 'artifactory' is not in the npm registry.
42 error 404 You should bug the author to publish it (or use the name yourself!)
43 error 404 Note that you can also install from a
44 error 404 tarball, folder, http url, or git url.
45 verbose exit [ 1, true ]
